<?xml version="1.0" encoding="UTF-8"?>
<!-- Generated by org.testng.reporters.JUnitReportReporter -->
<testsuite hostname="DESKTOP-0VFP0LG" failures="0" tests="2" name="tests.TestSuite" time="47.692" errors="0" timestamp="26 Aug. 2018 05:20:51 GMT" skipped="0">
  <testcase classname="tests.TestSuite" name="testSearchProduct" time="3.510"/>
  <testcase classname="tests.TestSuite" name="testAddProductToCart" time="44.182"/>
</testsuite> <!-- tests.TestSuite -->
