<?xml version="1.0" encoding="UTF-8"?>
<!-- Generated by org.testng.reporters.JUnitReportReporter -->
<testsuite hostname="DESKTOP-0VFP0LG" failures="0" tests="1" name="com.ebay.Testcases.VerifySearchProduct" time="13.594" errors="0" timestamp="25 Jul. 2018 03:34:37 GMT" skipped="0">
  <testcase classname="com.ebay.Testcases.VerifySearchProduct" name="searchProduct" time="13.594"/>
</testsuite> <!-- com.ebay.Testcases.VerifySearchProduct -->
