<?xml version="1.0" encoding="UTF-8"?>
<!-- Generated by org.testng.reporters.JUnitReportReporter -->
<testsuite hostname="DESKTOP-0VFP0LG" failures="0" tests="3" name="tests.ProductSearchTest" time="67.115" errors="0" timestamp="25 Jul. 2018 07:46:45 GMT" skipped="0">
  <testcase classname="tests.ProductSearchTest" name="searchProduct" time="31.476"/>
  <testcase classname="tests.ProductSearchTest" name="searchProduct" time="31.304"/>
  <testcase classname="tests.ProductSearchTest" name="searchProduct" time="4.335"/>
</testsuite> <!-- tests.ProductSearchTest -->
