<?xml version="1.0" encoding="UTF-8"?>
<!-- Generated by org.testng.reporters.JUnitReportReporter -->
<testsuite hostname="DESKTOP-0VFP0LG" failures="0" tests="2" name="tests.EbayCartTest" time="63.544" errors="0" timestamp="27 Jul. 2018 03:29:43 GMT" skipped="0">
  <testcase classname="tests.EbayCartTest" name="searchProductInEbay" time="9.812"/>
  <testcase classname="tests.EbayCartTest" name="addToCart" time="53.732"/>
</testsuite> <!-- tests.EbayCartTest -->
